<?xml version="1.0" encoding="UTF-8"?>
<!-- Generated by org.testng.reporters.JUnitReportReporter -->
<testsuite skipped="0" hostname="LAPTOP-PKOJ9DQN" name="com.briq.exercise.TC01_ConvertJSON2Excel" tests="1" failures="0" timestamp="20 Sep 2020 19:48:19 GMT" time="2.870" errors="0">
  <testcase name="Json2ExcelConvertion" time="2.870" classname="com.briq.exercise.TC01_ConvertJSON2Excel"/>
</testsuite> <!-- com.briq.exercise.TC01_ConvertJSON2Excel -->
