<?xml version="1.0" encoding="UTF-8"?>
<!-- Generated by org.testng.reporters.JUnitReportReporter -->
<testsuite skipped="0" hostname="LAPTOP-PKOJ9DQN" name="com.briq.exercise.TC02_ConvertExcel2JSON" tests="1" failures="0" timestamp="20 Sep 2020 19:48:19 GMT" time="0.254" errors="0">
  <testcase name="Excel2JsonConvertion" time="0.254" classname="com.briq.exercise.TC02_ConvertExcel2JSON"/>
</testsuite> <!-- com.briq.exercise.TC02_ConvertExcel2JSON -->
